# JRE version: OpenJDK Runtime Environment (8.0_212-b04) (build 1.8.0_212-release-1586-b04)
# Java VM: OpenJDK 64-Bit Server VM (25.212-b04 mixed mode windows-amd64 compressed oops)
Heap:
 PSYoungGen      total 351232K, used 39202K [0x00000000e0000000, 0x00000000fbc00000, 0x0000000100000000)
  eden space 303104K, 0% used [0x00000000e0000000,0x00000000e0000000,0x00000000f2800000)
  from space 48128K, 81% used [0x00000000f8d00000,0x00000000fb348a48,0x00000000fbc00000)
  to   space 75776K, 0% used [0x00000000f2800000,0x00000000f2800000,0x00000000f7200000)
 ParOldGen       total 342528K, used 106958K [0x00000000a0000000, 0x00000000b4e80000, 0x00000000e0000000)
  object space 342528K, 31% used [0x00000000a0000000,0x00000000a6873968,0x00000000b4e80000)
 Metaspace       used 93264K, capacity 98371K, committed 98496K, reserved 1134592K
  class space    used 12110K, capacity 13016K, committed 13016K, reserved 1048576K
GC Heap History (10 events):
Event: 21.865 GC heap after
Heap after GC invocations=13 (full 3):
 PSYoungGen      total 360448K, used 33788K [0x00000000e0000000, 0x00000000fc700000, 0x0000000100000000)
  eden space 326656K, 0% used [0x00000000e0000000,0x00000000e0000000,0x00000000f3f00000)
  from space 33792K, 99% used [0x00000000f6b00000,0x00000000f8bff280,0x00000000f8c00000)
  to   space 45056K, 0% used [0x00000000f3f00000,0x00000000f3f00000,0x00000000f6b00000)
 ParOldGen       total 342528K, used 67429K [0x00000000a0000000, 0x00000000b4e80000, 0x00000000e0000000)
  object space 342528K, 19% used [0x00000000a0000000,0x00000000a41d96c0,0x00000000b4e80000)
 Metaspace       used 86237K, capacity 90892K, committed 91224K, reserved 1128448K
  class space    used 11667K, capacity 12517K, committed 12632K, reserved 1048576K
}
Event: 36.512 GC heap before
{Heap before GC invocations=14 (full 3):
 PSYoungGen      total 360448K, used 360444K [0x00000000e0000000, 0x00000000fc700000, 0x0000000100000000)
  eden space 326656K, 100% used [0x00000000e0000000,0x00000000f3f00000,0x00000000f3f00000)
  from space 33792K, 99% used [0x00000000f6b00000,0x00000000f8bff280,0x00000000f8c00000)
  to   space 45056K, 0% used [0x00000000f3f00000,0x00000000f3f00000,0x00000000f6b00000)
 ParOldGen       total 342528K, used 67429K [0x00000000a0000000, 0x00000000b4e80000, 0x00000000e0000000)
  object space 342528K, 19% used [0x00000000a0000000,0x00000000a41d96c0,0x00000000b4e80000)
 Metaspace       used 91256K, capacity 96204K, committed 96472K, reserved 1132544K
  class space    used 12057K, capacity 12947K, committed 13016K, reserved 1048576K
Event: 36.558 GC heap after
Heap after GC invocations=14 (full 3):
 PSYoungGen      total 371712K, used 45027K [0x00000000e0000000, 0x00000000fe180000, 0x0000000100000000)
  eden space 326656K, 0% used [0x00000000e0000000,0x00000000e0000000,0x00000000f3f00000)
  from space 45056K, 99% used [0x00000000f3f00000,0x00000000f6af8f18,0x00000000f6b00000)
  to   space 61952K, 0% used [0x00000000fa500000,0x00000000fa500000,0x00000000fe180000)
 ParOldGen       total 342528K, used 95967K [0x00000000a0000000, 0x00000000b4e80000, 0x00000000e0000000)
  object space 342528K, 28% used [0x00000000a0000000,0x00000000a5db7c50,0x00000000b4e80000)
 Metaspace       used 91256K, capacity 96204K, committed 96472K, reserved 1132544K
  class space    used 12057K, capacity 12947K, committed 13016K, reserved 1048576K
}
Event: 782.986 GC heap before
{Heap before GC invocations=15 (full 3):
 PSYoungGen      total 371712K, used 371683K [0x00000000e0000000, 0x00000000fe180000, 0x0000000100000000)
  eden space 326656K, 100% used [0x00000000e0000000,0x00000000f3f00000,0x00000000f3f00000)
  from space 45056K, 99% used [0x00000000f3f00000,0x00000000f6af8f18,0x00000000f6b00000)
  to   space 61952K, 0% used [0x00000000fa500000,0x00000000fa500000,0x00000000fe180000)
 ParOldGen       total 342528K, used 95967K [0x00000000a0000000, 0x00000000b4e80000, 0x00000000e0000000)
  object space 342528K, 28% used [0x00000000a0000000,0x00000000a5db7c50,0x00000000b4e80000)
 Metaspace       used 92322K, capacity 97288K, committed 97496K, reserved 1134592K
  class space    used 12085K, capacity 12977K, committed 13016K, reserved 1048576K
Event: 783.059 GC heap after
Heap after GC invocations=15 (full 3):
 PSYoungGen      total 378880K, used 60239K [0x00000000e0000000, 0x00000000fe000000, 0x0000000100000000)
  eden space 318464K, 0% used [0x00000000e0000000,0x00000000e0000000,0x00000000f3700000)
  from space 60416K, 99% used [0x00000000fa500000,0x00000000fdfd3c18,0x00000000fe000000)
  to   space 71168K, 0% used [0x00000000f5500000,0x00000000f5500000,0x00000000f9a80000)
 ParOldGen       total 342528K, used 106942K [0x00000000a0000000, 0x00000000b4e80000, 0x00000000e0000000)
  object space 342528K, 31% used [0x00000000a0000000,0x00000000a686f968,0x00000000b4e80000)
 Metaspace       used 92322K, capacity 97288K, committed 97496K, reserved 1134592K
  class space    used 12085K, capacity 12977K, committed 13016K, reserved 1048576K
}
Event: 1588.415 GC heap before
{Heap before GC invocations=16 (full 3):
 PSYoungGen      total 378880K, used 378703K [0x00000000e0000000, 0x00000000fe000000, 0x0000000100000000)
  eden space 318464K, 100% used [0x00000000e0000000,0x00000000f3700000,0x00000000f3700000)
  from space 60416K, 99% used [0x00000000fa500000,0x00000000fdfd3c18,0x00000000fe000000)
  to   space 71168K, 0% used [0x00000000f5500000,0x00000000f5500000,0x00000000f9a80000)
 ParOldGen       total 342528K, used 106942K [0x00000000a0000000, 0x00000000b4e80000, 0x00000000e0000000)
  object space 342528K, 31% used [0x00000000a0000000,0x00000000a686f968,0x00000000b4e80000)
 Metaspace       used 93052K, capacity 98140K, committed 98264K, reserved 1134592K
  class space    used 12107K, capacity 13011K, committed 13016K, reserved 1048576K
Event: 1588.450 GC heap after
Heap after GC invocations=16 (full 3):
 PSYoungGen      total 368128K, used 57062K [0x00000000e0000000, 0x00000000fc680000, 0x0000000100000000)
  eden space 310784K, 0% used [0x00000000e0000000,0x00000000e0000000,0x00000000f2f80000)
  from space 57344K, 99% used [0x00000000f5500000,0x00000000f8cb9858,0x00000000f8d00000)
  to   space 58880K, 0% used [0x00000000f8d00000,0x00000000f8d00000,0x00000000fc680000)
 ParOldGen       total 342528K, used 106950K [0x00000000a0000000, 0x00000000b4e80000, 0x00000000e0000000)
  object space 342528K, 31% used [0x00000000a0000000,0x00000000a6871968,0x00000000b4e80000)
 Metaspace       used 93052K, capacity 98140K, committed 98264K, reserved 1134592K
  class space    used 12107K, capacity 13011K, committed 13016K, reserved 1048576K
}
Event: 1598.054 GC heap before
{Heap before GC invocations=17 (full 3):
 PSYoungGen      total 368128K, used 136489K [0x00000000e0000000, 0x00000000fc680000, 0x0000000100000000)
  eden space 310784K, 25% used [0x00000000e0000000,0x00000000e4d90f40,0x00000000f2f80000)
  from space 57344K, 99% used [0x00000000f5500000,0x00000000f8cb9858,0x00000000f8d00000)
  to   space 58880K, 0% used [0x00000000f8d00000,0x00000000f8d00000,0x00000000fc680000)
 ParOldGen       total 342528K, used 106950K [0x00000000a0000000, 0x00000000b4e80000, 0x00000000e0000000)
  object space 342528K, 31% used [0x00000000a0000000,0x00000000a6871968,0x00000000b4e80000)
 Metaspace       used 93264K, capacity 98371K, committed 98496K, reserved 1134592K
  class space    used 12110K, capacity 13016K, committed 13016K, reserved 1048576K
Event: 1598.088 GC heap after
Heap after GC invocations=17 (full 3):
 PSYoungGen      total 351232K, used 39202K [0x00000000e0000000, 0x00000000fbc00000, 0x0000000100000000)
  eden space 303104K, 0% used [0x00000000e0000000,0x00000000e0000000,0x00000000f2800000)
  from space 48128K, 81% used [0x00000000f8d00000,0x00000000fb348a48,0x00000000fbc00000)
  to   space 75776K, 0% used [0x00000000f2800000,0x00000000f2800000,0x00000000f7200000)
 ParOldGen       total 342528K, used 106958K [0x00000000a0000000, 0x00000000b4e80000, 0x00000000e0000000)
  object space 342528K, 31% used [0x00000000a0000000,0x00000000a6873968,0x00000000b4e80000)
 Metaspace       used 93264K, capacity 98371K, committed 98496K, reserved 1134592K
  class space    used 12110K, capacity 13016K, committed 13016K, reserved 1048576K
}
Event: 1598.088 GC heap before
{Heap before GC invocations=18 (full 4):
 PSYoungGen      total 351232K, used 39202K [0x00000000e0000000, 0x00000000fbc00000, 0x0000000100000000)
  eden space 303104K, 0% used [0x00000000e0000000,0x00000000e0000000,0x00000000f2800000)
  from space 48128K, 81% used [0x00000000f8d00000,0x00000000fb348a48,0x00000000fbc00000)
  to   space 75776K, 0% used [0x00000000f2800000,0x00000000f2800000,0x00000000f7200000)
 ParOldGen       total 342528K, used 106958K [0x00000000a0000000, 0x00000000b4e80000, 0x00000000e0000000)
  object space 342528K, 31% used [0x00000000a0000000,0x00000000a6873968,0x00000000b4e80000)
 Metaspace       used 93264K, capacity 98371K, committed 98496K, reserved 1134592K
  class space    used 12110K, capacity 13016K, committed 13016K, reserved 1048576K

